2013-01-21 21:11:24,028 [main] INFO  org.nutz.log.Logs - Nutz is licensed under the Apache License, Version 2.0 .
Report bugs : https://github.com/nutzam/nutz/issues
2013-01-21 21:11:24,260 [main] DEBUG org.nutz.resource.Scans - Locations for Scans:
[JarResourceLocation [jarPath=D:\Program Files\springsource\sts-3.1.0.RELEASE\configuration\org.eclipse.osgi\bundles\959\1\.cp\lib\jetty-util-6.1.26.jar], JarResourceLocation [jarPath=D:\Program Files\springsource\sts-3.1.0.RELEASE\configuration\org.eclipse.osgi\bundles\959\1\.cp\lib\servlet-api-2.5-20081211.jar], JarResourceLocation [jarPath=D:\Program Files\springsource\sts-3.1.0.RELEASE\configuration\org.eclipse.osgi\bundles\959\1\.cp\lib\jetty-6.1.26.jar], JarResourceLocation [jarPath=file:/D:/workspace/jiuhua/WebContent/WEB-INF/lib/nutz-1.b.47-jdk6.jar], FileSystemResourceLocation [root=D:\workspace\jiuhua\build\classes], FileSystemResourceLocation [root=D:\workspace\jiuhua\.], JarResourceLocation [jarPath=D:\Program Files\springsource\sts-3.1.0.RELEASE\configuration\org.eclipse.osgi\bundles\959\1\.cp\lib\jsp-api-2.1.jar], JarResourceLocation [jarPath=D:\Program Files\springsource\sts-3.1.0.RELEASE\configuration\org.eclipse.osgi\bundles\959\1\.cp\lib\jsp-2.1.jar], JarResourceLocation [jarPath=D:\Program Files\springsource\sts-3.1.0.RELEASE\configuration\org.eclipse.osgi\bundles\959\1\.cp\lib\run-jetty-run-bootstrap.jar], JarResourceLocation [jarPath=D:\Program Files\springsource\sts-3.1.0.RELEASE\configuration\org.eclipse.osgi\bundles\959\1\.cp\lib\core-3.1.1.jar], JarResourceLocation [jarPath=D:\Program Files\springsource\sts-3.1.0.RELEASE\configuration\org.eclipse.osgi\bundles\959\1\.cp\lib\jetty-management-6.1.26.jar]]
2013-01-21 21:11:24,261 [main] INFO  org.nutz.resource.impl.ErrorResourceLocation - ErrorResourceLocation [loc=D:\workspace\jiuhua\WebContent\WEB-INF\classes], maybe it is in your classpath, but not exist
2013-01-21 21:11:24,417 [main] DEBUG org.nutz.resource.Scans - Locations for Scans:
[JarResourceLocation [jarPath=D:\workspace\jiuhua\WebContent\WEB-INF\lib\httpmime-4.2.3.jar], JarResourceLocation [jarPath=D:\workspace\jiuhua\WebContent\WEB-INF\lib\nutz-1.b.47-jdk6.jar], JarResourceLocation [jarPath=file:/D:/workspace/jiuhua/WebContent/WEB-INF/lib/nutz-1.b.47-jdk6.jar], JarResourceLocation [jarPath=D:\workspace\jiuhua\WebContent\WEB-INF\lib\httpclient-cache-4.2.3.jar], ErrorResourceLocation [loc=D:\workspace\jiuhua\WebContent\WEB-INF\classes], FileSystemResourceLocation [root=D:\workspace\jiuhua\build\classes], JarResourceLocation [jarPath=D:\workspace\jiuhua\WebContent\WEB-INF\lib\druid-0.2.10.jar], FileSystemResourceLocation [root=D:\workspace\jiuhua\.], JarResourceLocation [jarPath=D:\workspace\jiuhua\WebContent\WEB-INF\lib\commons-logging-1.1.1.jar], JarResourceLocation [jarPath=D:\workspace\jiuhua\WebContent\WEB-INF\lib\mysql-connector-java-5.1.22.jar], JarResourceLocation [jarPath=D:\Program Files\springsource\sts-3.1.0.RELEASE\configuration\org.eclipse.osgi\bundles\959\1\.cp\lib\jsp-api-2.1.jar], JarResourceLocation [jarPath=D:\workspace\jiuhua\WebContent\WEB-INF\lib\httpclient-4.2.3.jar], JarResourceLocation [jarPath=D:\Program Files\springsource\sts-3.1.0.RELEASE\configuration\org.eclipse.osgi\bundles\959\1\.cp\lib\core-3.1.1.jar], JarResourceLocation [jarPath=D:\Program Files\springsource\sts-3.1.0.RELEASE\configuration\org.eclipse.osgi\bundles\959\1\.cp\lib\jetty-util-6.1.26.jar], JarResourceLocation [jarPath=D:\workspace\jiuhua\WebContent\WEB-INF\lib\log4j-1.2.17.jar], JarResourceLocation [jarPath=D:\Program Files\springsource\sts-3.1.0.RELEASE\configuration\org.eclipse.osgi\bundles\959\1\.cp\lib\servlet-api-2.5-20081211.jar], JarResourceLocation [jarPath=D:\Program Files\springsource\sts-3.1.0.RELEASE\configuration\org.eclipse.osgi\bundles\959\1\.cp\lib\jetty-6.1.26.jar], JarResourceLocation [jarPath=D:\workspace\jiuhua\WebContent\WEB-INF\lib\commons-codec-1.6.jar], JarResourceLocation [jarPath=D:\workspace\jiuhua\WebContent\WEB-INF\lib\httpcore-4.2.2.jar], JarResourceLocation [jarPath=D:\workspace\jiuhua\WebContent\WEB-INF\lib\fastjson-1.1.26.jar], JarResourceLocation [jarPath=D:\workspace\jiuhua\WebContent\WEB-INF\lib\fluent-hc-4.2.3.jar], JarResourceLocation [jarPath=D:\Program Files\springsource\sts-3.1.0.RELEASE\configuration\org.eclipse.osgi\bundles\959\1\.cp\lib\run-jetty-run-bootstrap.jar], JarResourceLocation [jarPath=D:\Program Files\springsource\sts-3.1.0.RELEASE\configuration\org.eclipse.osgi\bundles\959\1\.cp\lib\jsp-2.1.jar], JarResourceLocation [jarPath=D:\Program Files\springsource\sts-3.1.0.RELEASE\configuration\org.eclipse.osgi\bundles\959\1\.cp\lib\jetty-management-6.1.26.jar]]
2013-01-21 21:11:24,423 [main] DEBUG org.nutz.mvc.config.AbstractNutConfig - MainModule: <cn.jh6.MainModule>
2013-01-21 21:11:24,450 [main] DEBUG org.nutz.mvc.config.AbstractNutConfig - Loading by class org.nutz.mvc.impl.NutLoading
2013-01-21 21:11:24,452 [main] INFO  org.nutz.mvc.impl.NutLoading - Nutz Version : 1.b.47 
2013-01-21 21:11:24,453 [main] INFO  org.nutz.mvc.impl.NutLoading - Nutz.Mvc[nutz] is initializing ...
2013-01-21 21:11:24,453 [main] DEBUG org.nutz.mvc.impl.NutLoading - Web Container Information:
2013-01-21 21:11:24,453 [main] DEBUG org.nutz.mvc.impl.NutLoading -  - Default Charset : UTF-8
2013-01-21 21:11:24,453 [main] DEBUG org.nutz.mvc.impl.NutLoading -  - Current . path  : D:\workspace\jiuhua\.
2013-01-21 21:11:24,453 [main] DEBUG org.nutz.mvc.impl.NutLoading -  - Java Version    : 1.7.0_10
2013-01-21 21:11:24,454 [main] DEBUG org.nutz.mvc.impl.NutLoading -  - File separator  : \
2013-01-21 21:11:24,454 [main] DEBUG org.nutz.mvc.impl.NutLoading -  - Timezone        : Asia/Shanghai
2013-01-21 21:11:24,455 [main] DEBUG org.nutz.mvc.config.AbstractNutConfig - MainModule: <cn.jh6.MainModule>
2013-01-21 21:11:24,455 [main] DEBUG org.nutz.mvc.impl.NutLoading - >> app.root = D:/workspace/jiuhua/WebContent
2013-01-21 21:11:24,458 [main] DEBUG org.nutz.mvc.impl.NutLoading - @IocBy(org.nutz.mvc.ioc.provider.ComboIocProvider)
2013-01-21 21:11:24,485 [main] DEBUG org.nutz.resource.Scans - Found 3 resource by src( ioc/ ) , regex( ^(.+[.])(js|json)$ )
2013-01-21 21:11:24,497 [main] DEBUG org.nutz.ioc.loader.json.JsonLoader - Loaded 11 bean define from path=[ioc/] --> [txREPEATABLE_READ, dataSource, txREAD_COMMITTED, txNONE, dao, json, txSERIALIZABLE, $aop, txREAD_UNCOMMITTED, log, upload]
2013-01-21 21:11:24,505 [main] DEBUG org.nutz.resource.Scans - Found 4 resource by src( cn/jh6/ ) , regex( ^.+[.]class$ )
2013-01-21 21:11:24,513 [main] DEBUG org.nutz.ioc.loader.annotation.AnnotationIocLoader - Found a Class with Ioc-Annotation : class cn.jh6.module.UploadModule
2013-01-21 21:11:24,523 [main] DEBUG org.nutz.ioc.loader.annotation.AnnotationIocLoader - Found a Class with Ioc-Annotation : class cn.jh6.module.TypeModule
2013-01-21 21:11:24,640 [main] DEBUG org.nutz.castor.Castors - Using 80 castor for Castors
2013-01-21 21:11:24,642 [main] INFO  org.nutz.ioc.loader.annotation.AnnotationIocLoader - Scan complete ! Found 2 classes in 1 base-packages!
beans = ["typeModule", "uploadModule"]
2013-01-21 21:11:24,648 [main] DEBUG org.nutz.mvc.config.AbstractNutConfig - MainModule: <cn.jh6.MainModule>
2013-01-21 21:11:24,650 [main] INFO  org.nutz.mvc.impl.NutLoading - Build URL mapping by org.nutz.mvc.impl.UrlMappingImpl ...
2013-01-21 21:11:24,652 [main] DEBUG org.nutz.mvc.impl.NutLoading - @Views(DefaultViewMaker)
2013-01-21 21:11:24,724 [main] DEBUG org.nutz.mvc.impl.NutLoading - @ChainBy(org.nutz.mvc.impl.NutActionChainMaker)
2013-01-21 21:11:24,727 [main] DEBUG org.nutz.mvc.impl.Loadings - module class location 'file:/D:/workspace/jiuhua/build/classes/'
2013-01-21 21:11:24,727 [main] DEBUG org.nutz.mvc.impl.Loadings -  > scan 'cn.jh6'
2013-01-21 21:11:24,730 [main] DEBUG org.nutz.resource.Scans - Found 4 resource by src( cn/jh6/ ) , regex( ^.+[.]class$ )
2013-01-21 21:11:24,732 [main] DEBUG org.nutz.mvc.impl.Loadings -    >> add 'cn.jh6.module.UploadModule'
2013-01-21 21:11:24,732 [main] DEBUG org.nutz.mvc.impl.Loadings -    >> add 'cn.jh6.module.TypeModule'
2013-01-21 21:11:24,740 [main] DEBUG org.nutz.ioc.impl.NutIoc - Get 'json'<interface org.nutz.mvc.View>
2013-01-21 21:11:24,740 [main] DEBUG org.nutz.ioc.impl.NutIoc - 	 >> Load definition
2013-01-21 21:11:24,742 [main] DEBUG org.nutz.ioc.loader.map.MapLoader - Loading define for name=json
2013-01-21 21:11:24,744 [main] DEBUG org.nutz.ioc.loader.combo.ComboIocLoader - Found IocObject(json) in IocLoader(JsonLoader@1682595293)
2013-01-21 21:11:24,744 [main] DEBUG org.nutz.ioc.impl.NutIoc - 	 >> Make...'json'<interface org.nutz.mvc.View>
2013-01-21 21:11:24,762 [main] DEBUG org.nutz.ioc.impl.NutIoc - Get '$aop'<interface org.nutz.ioc.aop.config.AopConfigration>
2013-01-21 21:11:24,762 [main] DEBUG org.nutz.ioc.impl.NutIoc - 	 >> Load definition
2013-01-21 21:11:24,762 [main] DEBUG org.nutz.ioc.loader.map.MapLoader - Loading define for name=$aop
2013-01-21 21:11:24,764 [main] DEBUG org.nutz.ioc.loader.combo.ComboIocLoader - Found IocObject($aop) in IocLoader(JsonLoader@1682595293)
2013-01-21 21:11:24,764 [main] DEBUG org.nutz.ioc.impl.NutIoc - 	 >> Make...'$aop'<interface org.nutz.ioc.aop.config.AopConfigration>
2013-01-21 21:11:24,765 [main] DEBUG org.nutz.ioc.impl.ScopeContext - Save object '$aop' to [app] 
2013-01-21 21:11:24,779 [main] DEBUG org.nutz.ioc.aop.impl.DefaultMirrorFactory - class org.nutz.mvc.view.UTF8JsonView , no config to enable AOP.
2013-01-21 21:11:24,779 [main] DEBUG org.nutz.ioc.impl.ScopeContext - Save object 'json' to [app] 
2013-01-21 21:11:24,781 [main] DEBUG org.nutz.ioc.aop.impl.DefaultMirrorFactory - class org.nutz.json.JsonFormat , no config to enable AOP.
2013-01-21 21:11:24,782 [main] DEBUG org.nutz.ioc.aop.impl.DefaultMirrorFactory - class org.nutz.json.JsonFormat , no config to enable AOP.
2013-01-21 21:11:24,784 [main] DEBUG org.nutz.mvc.impl.UrlMappingImpl -    '/upload/html5'             >> UploadModule.uploadHtml5(...)  : Object     | @Ok(ioc:json) @Fail(json ) | by 0 Filters | (I:UTF-8/O:UTF-8)
2013-01-21 21:11:24,789 [main] DEBUG org.nutz.ioc.impl.NutIoc - Get 'upload'<class org.nutz.mvc.adaptor.PairAdaptor>
2013-01-21 21:11:24,789 [main] DEBUG org.nutz.ioc.impl.NutIoc - 	 >> Load definition
2013-01-21 21:11:24,789 [main] DEBUG org.nutz.ioc.loader.map.MapLoader - Loading define for name=upload
2013-01-21 21:11:24,790 [main] DEBUG org.nutz.ioc.loader.combo.ComboIocLoader - Found IocObject(upload) in IocLoader(JsonLoader@1682595293)
2013-01-21 21:11:24,791 [main] DEBUG org.nutz.ioc.impl.NutIoc - 	 >> Make...'upload'<class org.nutz.mvc.adaptor.PairAdaptor>
2013-01-21 21:11:24,794 [main] DEBUG org.nutz.ioc.aop.impl.DefaultMirrorFactory - class org.nutz.mvc.upload.UploadAdaptor , no config to enable AOP.
2013-01-21 21:11:24,794 [main] DEBUG org.nutz.ioc.impl.ScopeContext - Save object 'upload' to [app] 
2013-01-21 21:11:24,798 [main] DEBUG org.nutz.ioc.aop.impl.DefaultMirrorFactory - class org.nutz.mvc.upload.UploadingContext , no config to enable AOP.
2013-01-21 21:11:24,800 [main] INFO  org.nutz.filepool.NutFilePool - Init file-pool by: ~/tmp [2000]
2013-01-21 21:11:24,816 [main] DEBUG org.nutz.filepool.NutFilePool - file-pool.home: 'C:\Users\howe\tmp'
2013-01-21 21:11:24,817 [main] INFO  org.nutz.filepool.NutFilePool - file-pool.cursor: 0
2013-01-21 21:11:24,818 [main] DEBUG org.nutz.ioc.aop.impl.DefaultMirrorFactory - class org.nutz.mvc.upload.UploadingContext , no config to enable AOP.
2013-01-21 21:11:24,818 [main] INFO  org.nutz.filepool.NutFilePool - Init file-pool by: ~/tmp [2000]
2013-01-21 21:11:24,818 [main] DEBUG org.nutz.filepool.NutFilePool - file-pool.home: 'C:\Users\howe\tmp'
2013-01-21 21:11:24,819 [main] INFO  org.nutz.filepool.NutFilePool - file-pool.cursor: 0
2013-01-21 21:11:24,821 [main] DEBUG org.nutz.ioc.impl.NutIoc - Get 'json'<interface org.nutz.mvc.View>
2013-01-21 21:11:24,822 [main] DEBUG org.nutz.mvc.impl.UrlMappingImpl -    '/upload/normal'            >> UploadModule.upload(...)       : Object     | @Ok(ioc:json) @Fail(json ) | by 0 Filters | (I:UTF-8/O:UTF-8)
2013-01-21 21:11:24,826 [main] DEBUG org.nutz.ioc.impl.NutIoc - Get 'json'<interface org.nutz.mvc.View>
2013-01-21 21:11:24,827 [main] DEBUG org.nutz.mvc.impl.UrlMappingImpl -    '/Type/add'                 >> TypeModule.add(...)            : boolean    | @Ok(ioc:json) @Fail(json ) | by 0 Filters | (I:UTF-8/O:UTF-8)
2013-01-21 21:11:24,827 [main] DEBUG org.nutz.ioc.impl.NutIoc - Get 'json'<interface org.nutz.mvc.View>
2013-01-21 21:11:24,827 [main] DEBUG org.nutz.mvc.impl.UrlMappingImpl -    '/Type/list'                >> TypeModule.list(...)           : Object     | @Ok(ioc:json) @Fail(json ) | by 0 Filters | (I:UTF-8/O:UTF-8)
2013-01-21 21:11:24,829 [main] DEBUG org.nutz.ioc.impl.NutIoc - Get 'json'<interface org.nutz.mvc.View>
2013-01-21 21:11:24,829 [main] DEBUG org.nutz.mvc.impl.UrlMappingImpl -    '/Type/delete'              >> TypeModule.delete(...)         : boolean    | @Ok(ioc:json) @Fail(json ) | by 0 Filters | (I:UTF-8/O:UTF-8)
2013-01-21 21:11:24,830 [main] DEBUG org.nutz.ioc.impl.NutIoc - Get 'json'<interface org.nutz.mvc.View>
2013-01-21 21:11:24,830 [main] DEBUG org.nutz.mvc.impl.UrlMappingImpl -    '/Type/update'              >> TypeModule.update(...)         : boolean    | @Ok(ioc:json) @Fail(json ) | by 0 Filters | (I:UTF-8/O:UTF-8)
2013-01-21 21:11:24,830 [main] DEBUG org.nutz.mvc.impl.NutLoading - Localization: org.nutz.mvc.impl.NutMessageLoader('msg')  dft<>
2013-01-21 21:11:24,833 [main] DEBUG org.nutz.resource.Scans - Found 2 resource by src( msg ) , regex( ^.+[.]properties$ )
2013-01-21 21:11:24,833 [main] DEBUG org.nutz.mvc.impl.NutMessageLoader - Load Messages in 2 resource : [[NutResource[blog.properties], NutResource[en_US/blog.properties]]]
2013-01-21 21:11:24,835 [main] DEBUG org.nutz.mvc.impl.NutMessageLoader - Message Loaded, size = 2
2013-01-21 21:11:24,836 [main] INFO  org.nutz.mvc.impl.NutLoading - Nutz.Mvc[nutz] is up in 380ms
2013-01-21 21:11:46,070 [main] INFO  org.nutz.log.Logs - Nutz is licensed under the Apache License, Version 2.0 .
Report bugs : https://github.com/nutzam/nutz/issues
2013-01-21 21:11:46,282 [main] DEBUG org.nutz.resource.Scans - Locations for Scans:
[JarResourceLocation [jarPath=D:\Program Files\springsource\sts-3.1.0.RELEASE\configuration\org.eclipse.osgi\bundles\961\1\.cp\lib\jetty-annotations-8.1.2.v20120308.jar], JarResourceLocation [jarPath=D:\Program Files\springsource\sts-3.1.0.RELEASE\configuration\org.eclipse.osgi\bundles\961\1\.cp\lib\jetty-rewrite-8.1.2.v20120308.jar], JarResourceLocation [jarPath=D:\Program Files\springsource\sts-3.1.0.RELEASE\configuration\org.eclipse.osgi\bundles\961\1\.cp\lib\jsp-impl-2.2.2.b05.0.jar], JarResourceLocation [jarPath=D:\Program Files\springsource\sts-3.1.0.RELEASE\configuration\org.eclipse.osgi\bundles\961\1\.cp\lib\javax.servlet.jsp-2.2.0.v201112011158.jar], JarResourceLocation [jarPath=file:/D:/workspace/jiuhua/WebContent/WEB-INF/lib/nutz-1.b.47-jdk6.jar], JarResourceLocation [jarPath=D:\Program Files\springsource\sts-3.1.0.RELEASE\configuration\org.eclipse.osgi\bundles\961\1\.cp\lib\jetty-xml-8.1.2.v20120308.jar], FileSystemResourceLocation [root=D:\workspace\jiuhua\build\classes], FileSystemResourceLocation [root=D:\workspace\jiuhua\.], JarResourceLocation [jarPath=D:\Program Files\springsource\sts-3.1.0.RELEASE\configuration\org.eclipse.osgi\bundles\961\1\.cp\lib\org.objectweb.asm_3.3.1.v201101071600.jar], JarResourceLocation [jarPath=D:\Program Files\springsource\sts-3.1.0.RELEASE\configuration\org.eclipse.osgi\bundles\961\1\.cp\lib\jetty-servlet-8.1.2.v20120308.jar], JarResourceLocation [jarPath=D:\Program Files\springsource\sts-3.1.0.RELEASE\configuration\org.eclipse.osgi\bundles\961\1\.cp\lib\jetty-plus-8.1.2.v20120308.jar], JarResourceLocation [jarPath=D:\Program Files\springsource\sts-3.1.0.RELEASE\configuration\org.eclipse.osgi\bundles\961\1\.cp\lib\jetty-server-8.1.2.v20120308.jar], JarResourceLocation [jarPath=D:\Program Files\springsource\sts-3.1.0.RELEASE\configuration\org.eclipse.osgi\bundles\961\1\.cp\lib\jetty-deploy-8.1.2.v20120308.jar], JarResourceLocation [jarPath=D:\Program Files\springsource\sts-3.1.0.RELEASE\configuration\org.eclipse.osgi\bundles\961\1\.cp\lib\jetty-policy-8.1.2.v20120308.jar], JarResourceLocation [jarPath=D:\Program Files\springsource\sts-3.1.0.RELEASE\configuration\org.eclipse.osgi\bundles\961\1\.cp\lib\jetty-servlets-8.1.2.v20120308.jar], JarResourceLocation [jarPath=D:\Program Files\springsource\sts-3.1.0.RELEASE\configuration\org.eclipse.osgi\bundles\961\1\.cp\lib\jetty-websocket-8.1.2.v20120308.jar], JarResourceLocation [jarPath=D:\Program Files\springsource\sts-3.1.0.RELEASE\configuration\org.eclipse.osgi\bundles\961\1\.cp\lib\servlet-api-3.0.jar], JarResourceLocation [jarPath=D:\Program Files\springsource\sts-3.1.0.RELEASE\configuration\org.eclipse.osgi\bundles\961\1\.cp\lib\jetty-webapp-8.1.2.v20120308.jar], JarResourceLocation [jarPath=D:\Program Files\springsource\sts-3.1.0.RELEASE\configuration\org.eclipse.osgi\bundles\961\1\.cp\lib\javax.el-2.2.0.v201108011116.jar], JarResourceLocation [jarPath=D:\Program Files\springsource\sts-3.1.0.RELEASE\configuration\org.eclipse.osgi\bundles\961\1\.cp\lib\javax.servlet.jsp.jstl-1.2.0.v201105211821.jar], JarResourceLocation [jarPath=D:\Program Files\springsource\sts-3.1.0.RELEASE\configuration\org.eclipse.osgi\bundles\961\1\.cp\lib\jetty-continuation-8.1.2.v20120308.jar], JarResourceLocation [jarPath=D:\Program Files\springsource\sts-3.1.0.RELEASE\configuration\org.eclipse.osgi\bundles\961\1\.cp\lib\jetty-jndi-8.1.2.v20120308.jar], JarResourceLocation [jarPath=D:\Program Files\springsource\sts-3.1.0.RELEASE\configuration\org.eclipse.osgi\bundles\961\1\.cp\lib\run-jetty-run-bootstrap-jetty8.jar], JarResourceLocation [jarPath=D:\Program Files\springsource\sts-3.1.0.RELEASE\configuration\org.eclipse.osgi\bundles\961\1\.cp\lib\jetty-ajp-8.1.2.v20120308.jar], JarResourceLocation [jarPath=D:\Program Files\springsource\sts-3.1.0.RELEASE\configuration\org.eclipse.osgi\bundles\961\1\.cp\lib\org.apache.jasper.glassfish-2.2.2.v201112011158.jar], JarResourceLocation [jarPath=D:\Program Files\springsource\sts-3.1.0.RELEASE\configuration\org.eclipse.osgi\bundles\961\1\.cp\lib\jetty-security-8.1.2.v20120308.jar], JarResourceLocation [jarPath=D:\Program Files\springsource\sts-3.1.0.RELEASE\configuration\org.eclipse.osgi\bundles\961\1\.cp\lib\jetty-http-8.1.2.v20120308.jar], JarResourceLocation [jarPath=D:\Program Files\springsource\sts-3.1.0.RELEASE\configuration\org.eclipse.osgi\bundles\961\1\.cp\lib\org.apache.taglibs.standard.glassfish-1.2.0.v201112081803.jar], JarResourceLocation [jarPath=D:\Program Files\springsource\sts-3.1.0.RELEASE\configuration\org.eclipse.osgi\bundles\961\1\.cp\lib\jetty-io-8.1.2.v20120308.jar], JarResourceLocation [jarPath=D:\Program Files\springsource\sts-3.1.0.RELEASE\configuration\org.eclipse.osgi\bundles\961\1\.cp\lib\javax.annotation_1.1.0.v201105051105.jar], JarResourceLocation [jarPath=D:\Program Files\springsource\sts-3.1.0.RELEASE\configuration\org.eclipse.osgi\bundles\961\1\.cp\lib\jetty-client-8.1.2.v20120308.jar], JarResourceLocation [jarPath=D:\Program Files\springsource\sts-3.1.0.RELEASE\configuration\org.eclipse.osgi\bundles\961\1\.cp\lib\jetty-util-8.1.2.v20120308.jar], JarResourceLocation [jarPath=D:\Program Files\springsource\sts-3.1.0.RELEASE\configuration\org.eclipse.osgi\bundles\961\1\.cp\lib\jetty-jmx-8.1.2.v20120308.jar], JarResourceLocation [jarPath=D:\Program Files\springsource\sts-3.1.0.RELEASE\configuration\org.eclipse.osgi\bundles\961\1\.cp\lib\jetty-overlay-deployer-8.1.2.v20120308.jar], JarResourceLocation [jarPath=D:\Program Files\springsource\sts-3.1.0.RELEASE\configuration\org.eclipse.osgi\bundles\961\1\.cp\lib\com.sun.el-2.2.0.v201108011116.jar]]
2013-01-21 21:11:46,283 [main] INFO  org.nutz.resource.impl.ErrorResourceLocation - ErrorResourceLocation [loc=D:\workspace\jiuhua\WebContent\WEB-INF\classes], maybe it is in your classpath, but not exist
2013-01-21 21:11:46,430 [main] DEBUG org.nutz.resource.Scans - Locations for Scans:
[JarResourceLocation [jarPath=D:\Program Files\springsource\sts-3.1.0.RELEASE\configuration\org.eclipse.osgi\bundles\961\1\.cp\lib\jetty-annotations-8.1.2.v20120308.jar], JarResourceLocation [jarPath=D:\Program Files\springsource\sts-3.1.0.RELEASE\configuration\org.eclipse.osgi\bundles\961\1\.cp\lib\jetty-rewrite-8.1.2.v20120308.jar], JarResourceLocation [jarPath=D:\Program Files\springsource\sts-3.1.0.RELEASE\configuration\org.eclipse.osgi\bundles\961\1\.cp\lib\jsp-impl-2.2.2.b05.0.jar], JarResourceLocation [jarPath=D:\Program Files\springsource\sts-3.1.0.RELEASE\configuration\org.eclipse.osgi\bundles\961\1\.cp\lib\javax.servlet.jsp-2.2.0.v201112011158.jar], JarResourceLocation [jarPath=file:/D:/workspace/jiuhua/WebContent/WEB-INF/lib/nutz-1.b.47-jdk6.jar], JarResourceLocation [jarPath=D:\workspace\jiuhua\WebContent\WEB-INF\lib\httpclient-cache-4.2.3.jar], JarResourceLocation [jarPath=D:\Program Files\springsource\sts-3.1.0.RELEASE\configuration\org.eclipse.osgi\bundles\961\1\.cp\lib\jetty-xml-8.1.2.v20120308.jar], FileSystemResourceLocation [root=D:\workspace\jiuhua\build\classes], FileSystemResourceLocation [root=D:\workspace\jiuhua\.], JarResourceLocation [jarPath=D:\workspace\jiuhua\WebContent\WEB-INF\lib\commons-logging-1.1.1.jar], JarResourceLocation [jarPath=D:\Program Files\springsource\sts-3.1.0.RELEASE\configuration\org.eclipse.osgi\bundles\961\1\.cp\lib\org.objectweb.asm_3.3.1.v201101071600.jar], JarResourceLocation [jarPath=D:\workspace\jiuhua\WebContent\WEB-INF\lib\mysql-connector-java-5.1.22.jar], JarResourceLocation [jarPath=D:\Program Files\springsource\sts-3.1.0.RELEASE\configuration\org.eclipse.osgi\bundles\961\1\.cp\lib\jetty-servlet-8.1.2.v20120308.jar], JarResourceLocation [jarPath=D:\Program Files\springsource\sts-3.1.0.RELEASE\configuration\org.eclipse.osgi\bundles\961\1\.cp\lib\jetty-plus-8.1.2.v20120308.jar], JarResourceLocation [jarPath=D:\Program Files\springsource\sts-3.1.0.RELEASE\configuration\org.eclipse.osgi\bundles\961\1\.cp\lib\jetty-server-8.1.2.v20120308.jar], JarResourceLocation [jarPath=D:\Program Files\springsource\sts-3.1.0.RELEASE\configuration\org.eclipse.osgi\bundles\961\1\.cp\lib\jetty-deploy-8.1.2.v20120308.jar], JarResourceLocation [jarPath=D:\Program Files\springsource\sts-3.1.0.RELEASE\configuration\org.eclipse.osgi\bundles\961\1\.cp\lib\jetty-policy-8.1.2.v20120308.jar], JarResourceLocation [jarPath=D:\Program Files\springsource\sts-3.1.0.RELEASE\configuration\org.eclipse.osgi\bundles\961\1\.cp\lib\jetty-servlets-8.1.2.v20120308.jar], JarResourceLocation [jarPath=D:\Program Files\springsource\sts-3.1.0.RELEASE\configuration\org.eclipse.osgi\bundles\961\1\.cp\lib\jetty-websocket-8.1.2.v20120308.jar], JarResourceLocation [jarPath=D:\Program Files\springsource\sts-3.1.0.RELEASE\configuration\org.eclipse.osgi\bundles\961\1\.cp\lib\servlet-api-3.0.jar], JarResourceLocation [jarPath=D:\Program Files\springsource\sts-3.1.0.RELEASE\configuration\org.eclipse.osgi\bundles\961\1\.cp\lib\jetty-webapp-8.1.2.v20120308.jar], JarResourceLocation [jarPath=D:\Program Files\springsource\sts-3.1.0.RELEASE\configuration\org.eclipse.osgi\bundles\961\1\.cp\lib\javax.el-2.2.0.v201108011116.jar], JarResourceLocation [jarPath=D:\Program Files\springsource\sts-3.1.0.RELEASE\configuration\org.eclipse.osgi\bundles\961\1\.cp\lib\javax.servlet.jsp.jstl-1.2.0.v201105211821.jar], JarResourceLocation [jarPath=D:\Program Files\springsource\sts-3.1.0.RELEASE\configuration\org.eclipse.osgi\bundles\961\1\.cp\lib\jetty-continuation-8.1.2.v20120308.jar], JarResourceLocation [jarPath=D:\workspace\jiuhua\WebContent\WEB-INF\lib\httpmime-4.2.3.jar], JarResourceLocation [jarPath=D:\Program Files\springsource\sts-3.1.0.RELEASE\configuration\org.eclipse.osgi\bundles\961\1\.cp\lib\jetty-jndi-8.1.2.v20120308.jar], JarResourceLocation [jarPath=D:\Program Files\springsource\sts-3.1.0.RELEASE\configuration\org.eclipse.osgi\bundles\961\1\.cp\lib\run-jetty-run-bootstrap-jetty8.jar], JarResourceLocation [jarPath=D:\Program Files\springsource\sts-3.1.0.RELEASE\configuration\org.eclipse.osgi\bundles\961\1\.cp\lib\jetty-ajp-8.1.2.v20120308.jar], JarResourceLocation [jarPath=D:\Program Files\springsource\sts-3.1.0.RELEASE\configuration\org.eclipse.osgi\bundles\961\1\.cp\lib\org.apache.jasper.glassfish-2.2.2.v201112011158.jar], JarResourceLocation [jarPath=D:\Program Files\springsource\sts-3.1.0.RELEASE\configuration\org.eclipse.osgi\bundles\961\1\.cp\lib\jetty-security-8.1.2.v20120308.jar], JarResourceLocation [jarPath=D:\workspace\jiuhua\WebContent\WEB-INF\lib\nutz-1.b.47-jdk6.jar], JarResourceLocation [jarPath=D:\Program Files\springsource\sts-3.1.0.RELEASE\configuration\org.eclipse.osgi\bundles\961\1\.cp\lib\jetty-http-8.1.2.v20120308.jar], JarResourceLocation [jarPath=D:\Program Files\springsource\sts-3.1.0.RELEASE\configuration\org.eclipse.osgi\bundles\961\1\.cp\lib\org.apache.taglibs.standard.glassfish-1.2.0.v201112081803.jar], ErrorResourceLocation [loc=D:\workspace\jiuhua\WebContent\WEB-INF\classes], JarResourceLocation [jarPath=D:\Program Files\springsource\sts-3.1.0.RELEASE\configuration\org.eclipse.osgi\bundles\961\1\.cp\lib\jetty-io-8.1.2.v20120308.jar], JarResourceLocation [jarPath=D:\Program Files\springsource\sts-3.1.0.RELEASE\configuration\org.eclipse.osgi\bundles\961\1\.cp\lib\javax.annotation_1.1.0.v201105051105.jar], JarResourceLocation [jarPath=D:\workspace\jiuhua\WebContent\WEB-INF\lib\druid-0.2.10.jar], JarResourceLocation [jarPath=D:\workspace\jiuhua\WebContent\WEB-INF\lib\httpclient-4.2.3.jar], JarResourceLocation [jarPath=D:\workspace\jiuhua\WebContent\WEB-INF\lib\log4j-1.2.17.jar], JarResourceLocation [jarPath=D:\Program Files\springsource\sts-3.1.0.RELEASE\configuration\org.eclipse.osgi\bundles\961\1\.cp\lib\jetty-client-8.1.2.v20120308.jar], JarResourceLocation [jarPath=D:\Program Files\springsource\sts-3.1.0.RELEASE\configuration\org.eclipse.osgi\bundles\961\1\.cp\lib\jetty-util-8.1.2.v20120308.jar], JarResourceLocation [jarPath=D:\Program Files\springsource\sts-3.1.0.RELEASE\configuration\org.eclipse.osgi\bundles\961\1\.cp\lib\jetty-jmx-8.1.2.v20120308.jar], JarResourceLocation [jarPath=D:\workspace\jiuhua\WebContent\WEB-INF\lib\commons-codec-1.6.jar], JarResourceLocation [jarPath=D:\Program Files\springsource\sts-3.1.0.RELEASE\configuration\org.eclipse.osgi\bundles\961\1\.cp\lib\jetty-overlay-deployer-8.1.2.v20120308.jar], JarResourceLocation [jarPath=D:\workspace\jiuhua\WebContent\WEB-INF\lib\httpcore-4.2.2.jar], JarResourceLocation [jarPath=D:\workspace\jiuhua\WebContent\WEB-INF\lib\fastjson-1.1.26.jar], JarResourceLocation [jarPath=D:\workspace\jiuhua\WebContent\WEB-INF\lib\fluent-hc-4.2.3.jar], JarResourceLocation [jarPath=D:\Program Files\springsource\sts-3.1.0.RELEASE\configuration\org.eclipse.osgi\bundles\961\1\.cp\lib\com.sun.el-2.2.0.v201108011116.jar]]
2013-01-21 21:11:46,437 [main] DEBUG org.nutz.mvc.config.AbstractNutConfig - MainModule: <cn.jh6.MainModule>
2013-01-21 21:11:46,461 [main] DEBUG org.nutz.mvc.config.AbstractNutConfig - Loading by class org.nutz.mvc.impl.NutLoading
2013-01-21 21:11:46,464 [main] INFO  org.nutz.mvc.impl.NutLoading - Nutz Version : 1.b.47 
2013-01-21 21:11:46,464 [main] INFO  org.nutz.mvc.impl.NutLoading - Nutz.Mvc[nutz] is initializing ...
2013-01-21 21:11:46,464 [main] DEBUG org.nutz.mvc.impl.NutLoading - Web Container Information:
2013-01-21 21:11:46,465 [main] DEBUG org.nutz.mvc.impl.NutLoading -  - Default Charset : UTF-8
2013-01-21 21:11:46,465 [main] DEBUG org.nutz.mvc.impl.NutLoading -  - Current . path  : D:\workspace\jiuhua\.
2013-01-21 21:11:46,465 [main] DEBUG org.nutz.mvc.impl.NutLoading -  - Java Version    : 1.7.0_10
2013-01-21 21:11:46,465 [main] DEBUG org.nutz.mvc.impl.NutLoading -  - File separator  : \
2013-01-21 21:11:46,465 [main] DEBUG org.nutz.mvc.impl.NutLoading -  - Timezone        : Asia/Shanghai
2013-01-21 21:11:46,466 [main] DEBUG org.nutz.mvc.config.AbstractNutConfig - MainModule: <cn.jh6.MainModule>
2013-01-21 21:11:46,467 [main] DEBUG org.nutz.mvc.impl.NutLoading - >> app.root = D:/workspace/jiuhua/WebContent
2013-01-21 21:11:46,470 [main] DEBUG org.nutz.mvc.impl.NutLoading - @IocBy(org.nutz.mvc.ioc.provider.ComboIocProvider)
2013-01-21 21:11:46,534 [main] DEBUG org.nutz.resource.Scans - Found 3 resource by src( ioc/ ) , regex( ^(.+[.])(js|json)$ )
2013-01-21 21:11:46,548 [main] DEBUG org.nutz.ioc.loader.json.JsonLoader - Loaded 11 bean define from path=[ioc/] --> [txREPEATABLE_READ, dataSource, txREAD_COMMITTED, txNONE, dao, json, txSERIALIZABLE, $aop, txREAD_UNCOMMITTED, log, upload]
2013-01-21 21:11:46,553 [main] DEBUG org.nutz.resource.Scans - Found 4 resource by src( cn/jh6/ ) , regex( ^.+[.]class$ )
2013-01-21 21:11:46,561 [main] DEBUG org.nutz.ioc.loader.annotation.AnnotationIocLoader - Found a Class with Ioc-Annotation : class cn.jh6.module.UploadModule
2013-01-21 21:11:46,575 [main] DEBUG org.nutz.ioc.loader.annotation.AnnotationIocLoader - Found a Class with Ioc-Annotation : class cn.jh6.module.TypeModule
2013-01-21 21:11:46,624 [main] DEBUG org.nutz.castor.Castors - Using 80 castor for Castors
2013-01-21 21:11:46,627 [main] INFO  org.nutz.ioc.loader.annotation.AnnotationIocLoader - Scan complete ! Found 2 classes in 1 base-packages!
beans = ["typeModule", "uploadModule"]
2013-01-21 21:11:46,633 [main] DEBUG org.nutz.mvc.config.AbstractNutConfig - MainModule: <cn.jh6.MainModule>
2013-01-21 21:11:46,636 [main] INFO  org.nutz.mvc.impl.NutLoading - Build URL mapping by org.nutz.mvc.impl.UrlMappingImpl ...
2013-01-21 21:11:46,637 [main] DEBUG org.nutz.mvc.impl.NutLoading - @Views(DefaultViewMaker)
2013-01-21 21:11:46,699 [main] DEBUG org.nutz.mvc.impl.NutLoading - @ChainBy(org.nutz.mvc.impl.NutActionChainMaker)
2013-01-21 21:11:46,702 [main] DEBUG org.nutz.mvc.impl.Loadings - module class location 'file:/D:/workspace/jiuhua/build/classes/'
2013-01-21 21:11:46,702 [main] DEBUG org.nutz.mvc.impl.Loadings -  > scan 'cn.jh6'
2013-01-21 21:11:46,704 [main] DEBUG org.nutz.resource.Scans - Found 4 resource by src( cn/jh6/ ) , regex( ^.+[.]class$ )
2013-01-21 21:11:46,706 [main] DEBUG org.nutz.mvc.impl.Loadings -    >> add 'cn.jh6.module.UploadModule'
2013-01-21 21:11:46,706 [main] DEBUG org.nutz.mvc.impl.Loadings -    >> add 'cn.jh6.module.TypeModule'
2013-01-21 21:11:46,714 [main] DEBUG org.nutz.ioc.impl.NutIoc - Get 'json'<interface org.nutz.mvc.View>
2013-01-21 21:11:46,714 [main] DEBUG org.nutz.ioc.impl.NutIoc - 	 >> Load definition
2013-01-21 21:11:46,715 [main] DEBUG org.nutz.ioc.loader.map.MapLoader - Loading define for name=json
2013-01-21 21:11:46,717 [main] DEBUG org.nutz.ioc.loader.combo.ComboIocLoader - Found IocObject(json) in IocLoader(JsonLoader@378655269)
2013-01-21 21:11:46,717 [main] DEBUG org.nutz.ioc.impl.NutIoc - 	 >> Make...'json'<interface org.nutz.mvc.View>
2013-01-21 21:11:46,719 [main] DEBUG org.nutz.ioc.impl.NutIoc - Get '$aop'<interface org.nutz.ioc.aop.config.AopConfigration>
2013-01-21 21:11:46,719 [main] DEBUG org.nutz.ioc.impl.NutIoc - 	 >> Load definition
2013-01-21 21:11:46,719 [main] DEBUG org.nutz.ioc.loader.map.MapLoader - Loading define for name=$aop
2013-01-21 21:11:46,721 [main] DEBUG org.nutz.ioc.loader.combo.ComboIocLoader - Found IocObject($aop) in IocLoader(JsonLoader@378655269)
2013-01-21 21:11:46,721 [main] DEBUG org.nutz.ioc.impl.NutIoc - 	 >> Make...'$aop'<interface org.nutz.ioc.aop.config.AopConfigration>
2013-01-21 21:11:46,722 [main] DEBUG org.nutz.ioc.impl.ScopeContext - Save object '$aop' to [app] 
2013-01-21 21:11:46,736 [main] DEBUG org.nutz.ioc.aop.impl.DefaultMirrorFactory - class org.nutz.mvc.view.UTF8JsonView , no config to enable AOP.
2013-01-21 21:11:46,736 [main] DEBUG org.nutz.ioc.impl.ScopeContext - Save object 'json' to [app] 
2013-01-21 21:11:46,738 [main] DEBUG org.nutz.ioc.aop.impl.DefaultMirrorFactory - class org.nutz.json.JsonFormat , no config to enable AOP.
2013-01-21 21:11:46,740 [main] DEBUG org.nutz.ioc.aop.impl.DefaultMirrorFactory - class org.nutz.json.JsonFormat , no config to enable AOP.
2013-01-21 21:11:46,743 [main] DEBUG org.nutz.mvc.impl.UrlMappingImpl -    '/upload/html5'             >> UploadModule.uploadHtml5(...)  : Object     | @Ok(ioc:json) @Fail(json ) | by 0 Filters | (I:UTF-8/O:UTF-8)
2013-01-21 21:11:46,747 [main] DEBUG org.nutz.ioc.impl.NutIoc - Get 'upload'<class org.nutz.mvc.adaptor.PairAdaptor>
2013-01-21 21:11:46,747 [main] DEBUG org.nutz.ioc.impl.NutIoc - 	 >> Load definition
2013-01-21 21:11:46,747 [main] DEBUG org.nutz.ioc.loader.map.MapLoader - Loading define for name=upload
2013-01-21 21:11:46,748 [main] DEBUG org.nutz.ioc.loader.combo.ComboIocLoader - Found IocObject(upload) in IocLoader(JsonLoader@378655269)
2013-01-21 21:11:46,748 [main] DEBUG org.nutz.ioc.impl.NutIoc - 	 >> Make...'upload'<class org.nutz.mvc.adaptor.PairAdaptor>
2013-01-21 21:11:46,752 [main] DEBUG org.nutz.ioc.aop.impl.DefaultMirrorFactory - class org.nutz.mvc.upload.UploadAdaptor , no config to enable AOP.
2013-01-21 21:11:46,752 [main] DEBUG org.nutz.ioc.impl.ScopeContext - Save object 'upload' to [app] 
2013-01-21 21:11:46,755 [main] DEBUG org.nutz.ioc.aop.impl.DefaultMirrorFactory - class org.nutz.mvc.upload.UploadingContext , no config to enable AOP.
2013-01-21 21:11:46,757 [main] INFO  org.nutz.filepool.NutFilePool - Init file-pool by: ~/tmp [2000]
2013-01-21 21:11:46,757 [main] DEBUG org.nutz.filepool.NutFilePool - file-pool.home: 'C:\Users\howe\tmp'
2013-01-21 21:11:46,758 [main] INFO  org.nutz.filepool.NutFilePool - file-pool.cursor: 0
2013-01-21 21:11:46,760 [main] DEBUG org.nutz.ioc.aop.impl.DefaultMirrorFactory - class org.nutz.mvc.upload.UploadingContext , no config to enable AOP.
2013-01-21 21:11:46,760 [main] INFO  org.nutz.filepool.NutFilePool - Init file-pool by: ~/tmp [2000]
2013-01-21 21:11:46,760 [main] DEBUG org.nutz.filepool.NutFilePool - file-pool.home: 'C:\Users\howe\tmp'
2013-01-21 21:11:46,760 [main] INFO  org.nutz.filepool.NutFilePool - file-pool.cursor: 0
2013-01-21 21:11:46,763 [main] DEBUG org.nutz.ioc.impl.NutIoc - Get 'json'<interface org.nutz.mvc.View>
2013-01-21 21:11:46,763 [main] DEBUG org.nutz.mvc.impl.UrlMappingImpl -    '/upload/normal'            >> UploadModule.upload(...)       : Object     | @Ok(ioc:json) @Fail(json ) | by 0 Filters | (I:UTF-8/O:UTF-8)
2013-01-21 21:11:46,768 [main] DEBUG org.nutz.ioc.impl.NutIoc - Get 'json'<interface org.nutz.mvc.View>
2013-01-21 21:11:46,768 [main] DEBUG org.nutz.mvc.impl.UrlMappingImpl -    '/Type/add'                 >> TypeModule.add(...)            : boolean    | @Ok(ioc:json) @Fail(json ) | by 0 Filters | (I:UTF-8/O:UTF-8)
2013-01-21 21:11:46,769 [main] DEBUG org.nutz.ioc.impl.NutIoc - Get 'json'<interface org.nutz.mvc.View>
2013-01-21 21:11:46,769 [main] DEBUG org.nutz.mvc.impl.UrlMappingImpl -    '/Type/list'                >> TypeModule.list(...)           : Object     | @Ok(ioc:json) @Fail(json ) | by 0 Filters | (I:UTF-8/O:UTF-8)
2013-01-21 21:11:46,770 [main] DEBUG org.nutz.ioc.impl.NutIoc - Get 'json'<interface org.nutz.mvc.View>
2013-01-21 21:11:46,770 [main] DEBUG org.nutz.mvc.impl.UrlMappingImpl -    '/Type/delete'              >> TypeModule.delete(...)         : boolean    | @Ok(ioc:json) @Fail(json ) | by 0 Filters | (I:UTF-8/O:UTF-8)
2013-01-21 21:11:46,771 [main] DEBUG org.nutz.ioc.impl.NutIoc - Get 'json'<interface org.nutz.mvc.View>
2013-01-21 21:11:46,771 [main] DEBUG org.nutz.mvc.impl.UrlMappingImpl -    '/Type/update'              >> TypeModule.update(...)         : boolean    | @Ok(ioc:json) @Fail(json ) | by 0 Filters | (I:UTF-8/O:UTF-8)
2013-01-21 21:11:46,772 [main] DEBUG org.nutz.mvc.impl.NutLoading - Localization: org.nutz.mvc.impl.NutMessageLoader('msg')  dft<>
2013-01-21 21:11:46,774 [main] DEBUG org.nutz.resource.Scans - Found 2 resource by src( msg ) , regex( ^.+[.]properties$ )
2013-01-21 21:11:46,774 [main] DEBUG org.nutz.mvc.impl.NutMessageLoader - Load Messages in 2 resource : [[NutResource[blog.properties], NutResource[en_US/blog.properties]]]
2013-01-21 21:11:46,776 [main] DEBUG org.nutz.mvc.impl.NutMessageLoader - Message Loaded, size = 2
2013-01-21 21:11:46,777 [main] INFO  org.nutz.mvc.impl.NutLoading - Nutz.Mvc[nutz] is up in 311ms
